<?xml version="1.0" encoding="UTF-8"?>
<!-- Generated by org.testng.reporters.JUnitReportReporter -->
<testsuite hostname="Rajee-Personal" failures="0" tests="1" name="testCases.TC_001_AccountRegistration" time="3.907" errors="0" timestamp="2022-07-01T15:51:26 IST" skipped="0">
  <testcase classname="testCases.TC_001_AccountRegistration" name="test_account_registration" time="3.907"/>
  <system-out/>
</testsuite> <!-- testCases.TC_001_AccountRegistration -->
