<?xml version="1.0" encoding="UTF-8"?>
<!-- Generated by org.testng.reporters.JUnitReportReporter -->
<testsuite skipped="0" hostname="Rajee-Personal" name="testCases.TC_001_AccountRegistration" tests="1" failures="0" timestamp="2022-07-01T22:13:46 IST" time="4.244" errors="0">
  <testcase name="test_account_registration" time="4.244" classname="testCases.TC_001_AccountRegistration"/>
  <system-out/>
</testsuite> <!-- testCases.TC_001_AccountRegistration -->
