<?xml version="1.0" encoding="UTF-8"?>
<!-- Generated by org.testng.reporters.JUnitReportReporter -->
<testsuite skipped="0" hostname="Rajee-Personal" name="testCases.TC_002_Login" tests="1" failures="0" timestamp="2022-07-01T22:13:46 IST" time="1.605" errors="0">
  <testcase name="test_Login" time="1.605" classname="testCases.TC_002_Login"/>
  <system-out/>
</testsuite> <!-- testCases.TC_002_Login -->
